Terminals unused in grammar

   '^'


Rules useless in parser due to conflicts

   93 declaracionFunciones: TIPO_DATO IDENTIFICADOR '(' opcionArgumentosConTipo ')' ';'


Estado 21 conflictos: 1 desplazamiento(s)/reducción(ones)
Estado 91 conflictos: 1 desplazamiento(s)/reducción(ones)
Estado 154 conflictos: 1 desplazamiento(s)/reducción(ones)
Estado 162 conflictos: 23 reducción(ones)/reducción(ones)


Gramática

    0 $accept: input $end

    1 input: /* vacío */
    2      | input programa

    3 programa: expresion '\n'
    4         | sentencia '\n'
    5         | declaracion '\n'

    6 sentencia: sent_expresion
    7          | sent_compuesta
    8          | sent_seleccion
    9          | sent_iteracion
   10          | sent_deSalto

   11 sent_expresion: ';'
   12               | expresion ';'

   13 sent_compuesta: '{' listaDeDeclaracionesOpcional listaSentenciasOpcional '}'

   14 listaDeDeclaracionesOpcional: /* vacío */
   15                             | declaracion
   16                             | listaDeDeclaracionesOpcional declaracion

   17 listaSentencias: sentencia
   18                | listaSentencias sentencia

   19 listaSentenciasOpcional: /* vacío */
   20                        | sentencia
   21                        | listaSentencias sentencia

   22 sent_seleccion: IF '(' expresion ')' sentencia
   23               | IF '(' expresion ')' sentencia ELSE sentencia
   24               | SWITCH '(' expresion ')' sentencia
   25               | error ';'

   26 sent_iteracion: WHILE '(' expresion ')' sentencia
   27               | DO sentencia WHILE '(' expresion ')' ';'
   28               | FOR '(' expresion ';' expresion ';' expresion ')' sentencia

   29 sent_deSalto: RETURN expresionOpcional ';'

   30 expresionOpcional: /* vacío */
   31                  | expresion

   32 expresion: exp_asignacion
   33          | expresion ',' exp_asignacion

   34 exp_asignacion: exp_condicional
   35               | exp_unaria op_asignacion exp_asignacion

   36 exp_condicional: exp_o_logico
   37                | exp_o_logico '?' expresion ':' exp_condicional

   38 op_asignacion: '='
   39              | INCREMENTOASIGNACION
   40              | DECREMENTOASIGNACION

   41 exp_o_logico: exp_y_logico
   42             | exp_o_logico OR exp_y_logico

   43 exp_y_logico: exp_y
   44             | exp_y_logico AND exp_y

   45 exp_y: exp_igualdad
   46      | exp_y '&' exp_igualdad

   47 exp_igualdad: exp_relacional
   48             | exp_igualdad RELACIONALIGUAL exp_relacional
   49             | exp_igualdad RELACIONALDIFERENTE exp_relacional

   50 exp_relacional: exp_aditiva
   51               | exp_relacional '<' exp_aditiva
   52               | exp_relacional '>' exp_aditiva
   53               | exp_relacional MENORIGUAL exp_aditiva
   54               | exp_relacional MAYORIGUAL exp_aditiva

   55 exp_aditiva: exp_multiplicativa
   56            | exp_aditiva '+' exp_multiplicativa
   57            | exp_aditiva '-' exp_multiplicativa

   58 exp_multiplicativa: exp_unaria
   59                   | exp_multiplicativa '*' exp_unaria
   60                   | exp_multiplicativa '/' exp_unaria
   61                   | exp_multiplicativa '%' exp_unaria

   62 exp_unaria: exp_sufijo
   63           | INCREMENTO exp_unaria
   64           | DECREMENTO exp_unaria

   65 exp_sufijo: exp_primaria
   66           | exp_sufijo '[' expresion ']'
   67           | exp_sufijo '(' listaArgumentosOpcional ')'
   68           | exp_sufijo '.' IDENTIFICADOR
   69           | exp_sufijo ACCESOPUNTERO IDENTIFICADOR
   70           | exp_sufijo INCREMENTO
   71           | exp_sufijo DECREMENTO

   72 listaArgumentosOpcional: /* vacío */
   73                        | exp_asignacion
   74                        | listaDeDeclaracionesOpcional ',' exp_asignacion

   75 exp_primaria: IDENTIFICADOR
   76             | constante
   77             | LITERALCADENA
   78             | '(' expresion ')'

   79 declaracion: declaracionVariablesSimples
   80            | declaracionFunciones
   81            | definicionFunciones

   82 declaracionVariablesSimples: TIPO_DATO listaVariablesSimples ';'

   83 listaVariablesSimples: variableSimple
   84                      | listaVariablesSimples ',' variableSimple

   85 variableSimple: IDENTIFICADOR opcionInicializacion

   86 opcionInicializacion: /* vacío */
   87                     | op_asignacion constante

   88 constante: CONSTANTEDECIMAL
   89          | CONSTANTEHEXADECIMAL
   90          | CONSTANTEOCTAL
   91          | CONSTANTEREAL
   92          | CONSTANTECARACTER

   93 declaracionFunciones: TIPO_DATO IDENTIFICADOR '(' opcionArgumentosConTipo ')' ';'

   94 opcionArgumentosConTipo: /* vacío */
   95                        | TIPO_DATO opcionReferencia IDENTIFICADOR
   96                        | TIPO_DATO opcionReferencia IDENTIFICADOR ',' argumentosConTipo

   97 argumentosConTipo: TIPO_DATO opcionReferencia IDENTIFICADOR
   98                  | TIPO_DATO opcionReferencia IDENTIFICADOR ',' argumentosConTipo

   99 opcionReferencia: /* vacío */
  100                 | '&'

  101 definicionFunciones: TIPO_DATO IDENTIFICADOR '(' opcionArgumentosConTipo ')' sentencia


Terminales con las reglas donde aparecen

$end (0) 0
'\n' (10) 3 4 5
'%' (37) 61
'&' (38) 46 100
'(' (40) 22 23 24 26 27 28 67 78 93 101
')' (41) 22 23 24 26 27 28 67 78 93 101
'*' (42) 59
'+' (43) 56
',' (44) 33 74 84 96 98
'-' (45) 57
'.' (46) 68
'/' (47) 60
':' (58) 37
';' (59) 11 12 25 27 28 29 82 93
'<' (60) 51
'=' (61) 38
'>' (62) 52
'?' (63) 37
'[' (91) 66
']' (93) 66
'^' (94)
'{' (123) 13
'}' (125) 13
error (256) 25
IDENTIFICADOR (258) 68 69 75 85 93 95 96 97 98 101
TIPO_DATO (259) 82 93 95 96 97 98 101
INCREMENTO (260) 63 70
DECREMENTO (261) 64 71
INCREMENTOASIGNACION (262) 39
DECREMENTOASIGNACION (263) 40
AND (264) 44
OR (265) 42
RELACIONALIGUAL (266) 48
RELACIONALDIFERENTE (267) 49
MAYORIGUAL (268) 54
MENORIGUAL (269) 53
ACCESOPUNTERO (270) 69
CONSTANTEDECIMAL (271) 88
CONSTANTEOCTAL (272) 90
CONSTANTEHEXADECIMAL (273) 89
CONSTANTEREAL (274) 91
CONSTANTECARACTER (275) 92
LITERALCADENA (276) 77
IF (277) 22 23
ELSE (278) 23
WHILE (279) 26 27
DO (280) 27
SWITCH (281) 24
FOR (282) 28
RETURN (283) 29


No terminales con las reglas donde aparecen

$accept (51)
    en la izquierda: 0
input (52)
    en la izquierda: 1 2, en la derecha: 0 2
programa (53)
    en la izquierda: 3 4 5, en la derecha: 2
sentencia (54)
    en la izquierda: 6 7 8 9 10, en la derecha: 4 17 18 20 21 22 23
    24 26 27 28 101
sent_expresion (55)
    en la izquierda: 11 12, en la derecha: 6
sent_compuesta (56)
    en la izquierda: 13, en la derecha: 7
listaDeDeclaracionesOpcional (57)
    en la izquierda: 14 15 16, en la derecha: 13 16 74
listaSentencias (58)
    en la izquierda: 17 18, en la derecha: 18 21
listaSentenciasOpcional (59)
    en la izquierda: 19 20 21, en la derecha: 13
sent_seleccion (60)
    en la izquierda: 22 23 24 25, en la derecha: 8
sent_iteracion (61)
    en la izquierda: 26 27 28, en la derecha: 9
sent_deSalto (62)
    en la izquierda: 29, en la derecha: 10
expresionOpcional (63)
    en la izquierda: 30 31, en la derecha: 29
expresion (64)
    en la izquierda: 32 33, en la derecha: 3 12 22 23 24 26 27 28 31
    33 37 66 78
exp_asignacion (65)
    en la izquierda: 34 35, en la derecha: 32 33 35 73 74
exp_condicional (66)
    en la izquierda: 36 37, en la derecha: 34 37
op_asignacion (67)
    en la izquierda: 38 39 40, en la derecha: 35 87
exp_o_logico (68)
    en la izquierda: 41 42, en la derecha: 36 37 42
exp_y_logico (69)
    en la izquierda: 43 44, en la derecha: 41 42 44
exp_y (70)
    en la izquierda: 45 46, en la derecha: 43 44 46
exp_igualdad (71)
    en la izquierda: 47 48 49, en la derecha: 45 46 48 49
exp_relacional (72)
    en la izquierda: 50 51 52 53 54, en la derecha: 47 48 49 51 52
    53 54
exp_aditiva (73)
    en la izquierda: 55 56 57, en la derecha: 50 51 52 53 54 56 57
exp_multiplicativa (74)
    en la izquierda: 58 59 60 61, en la derecha: 55 56 57 59 60 61
exp_unaria (75)
    en la izquierda: 62 63 64, en la derecha: 35 58 59 60 61 63 64
exp_sufijo (76)
    en la izquierda: 65 66 67 68 69 70 71, en la derecha: 62 66 67
    68 69 70 71
listaArgumentosOpcional (77)
    en la izquierda: 72 73 74, en la derecha: 67
exp_primaria (78)
    en la izquierda: 75 76 77 78, en la derecha: 65
declaracion (79)
    en la izquierda: 79 80 81, en la derecha: 5 15 16
declaracionVariablesSimples (80)
    en la izquierda: 82, en la derecha: 79
listaVariablesSimples (81)
    en la izquierda: 83 84, en la derecha: 82 84
variableSimple (82)
    en la izquierda: 85, en la derecha: 83 84
opcionInicializacion (83)
    en la izquierda: 86 87, en la derecha: 85
constante (84)
    en la izquierda: 88 89 90 91 92, en la derecha: 76 87
declaracionFunciones (85)
    en la izquierda: 93, en la derecha: 80
opcionArgumentosConTipo (86)
    en la izquierda: 94 95 96, en la derecha: 93 101
argumentosConTipo (87)
    en la izquierda: 97 98, en la derecha: 96 98
opcionReferencia (88)
    en la izquierda: 99 100, en la derecha: 95 96 97 98
definicionFunciones (89)
    en la izquierda: 101, en la derecha: 81


estado 0

    0 $accept: . input $end

    $default  reduce usando la regla 1 (input)

    input  ir al estado 1


estado 1

    0 $accept: input . $end
    2 input: input . programa

    $end                  desplazar e ir al estado 2
    error                 desplazar e ir al estado 3
    IDENTIFICADOR         desplazar e ir al estado 4
    TIPO_DATO             desplazar e ir al estado 5
    INCREMENTO            desplazar e ir al estado 6
    DECREMENTO            desplazar e ir al estado 7
    CONSTANTEDECIMAL      desplazar e ir al estado 8
    CONSTANTEOCTAL        desplazar e ir al estado 9
    CONSTANTEHEXADECIMAL  desplazar e ir al estado 10
    CONSTANTEREAL         desplazar e ir al estado 11
    CONSTANTECARACTER     desplazar e ir al estado 12
    LITERALCADENA         desplazar e ir al estado 13
    IF                    desplazar e ir al estado 14
    WHILE                 desplazar e ir al estado 15
    DO                    desplazar e ir al estado 16
    SWITCH                desplazar e ir al estado 17
    FOR                   desplazar e ir al estado 18
    RETURN                desplazar e ir al estado 19
    ';'                   desplazar e ir al estado 20
    '{'                   desplazar e ir al estado 21
    '('                   desplazar e ir al estado 22

    programa                     ir al estado 23
    sentencia                    ir al estado 24
    sent_expresion               ir al estado 25
    sent_compuesta               ir al estado 26
    sent_seleccion               ir al estado 27
    sent_iteracion               ir al estado 28
    sent_deSalto                 ir al estado 29
    expresion                    ir al estado 30
    exp_asignacion               ir al estado 31
    exp_condicional              ir al estado 32
    exp_o_logico                 ir al estado 33
    exp_y_logico                 ir al estado 34
    exp_y                        ir al estado 35
    exp_igualdad                 ir al estado 36
    exp_relacional               ir al estado 37
    exp_aditiva                  ir al estado 38
    exp_multiplicativa           ir al estado 39
    exp_unaria                   ir al estado 40
    exp_sufijo                   ir al estado 41
    exp_primaria                 ir al estado 42
    declaracion                  ir al estado 43
    declaracionVariablesSimples  ir al estado 44
    constante                    ir al estado 45
    declaracionFunciones         ir al estado 46
    definicionFunciones          ir al estado 47


estado 2

    0 $accept: input $end .

    $default  aceptar


estado 3

   25 sent_seleccion: error . ';'

    ';'  desplazar e ir al estado 48


estado 4

   75 exp_primaria: IDENTIFICADOR .

    $default  reduce usando la regla 75 (exp_primaria)


estado 5

   82 declaracionVariablesSimples: TIPO_DATO . listaVariablesSimples ';'
   93 declaracionFunciones: TIPO_DATO . IDENTIFICADOR '(' opcionArgumentosConTipo ')' ';'
  101 definicionFunciones: TIPO_DATO . IDENTIFICADOR '(' opcionArgumentosConTipo ')' sentencia

    IDENTIFICADOR  desplazar e ir al estado 49

    listaVariablesSimples  ir al estado 50
    variableSimple         ir al estado 51


estado 6

   63 exp_unaria: INCREMENTO . exp_unaria

    IDENTIFICADOR         desplazar e ir al estado 4
    INCREMENTO            desplazar e ir al estado 6
    DECREMENTO            desplazar e ir al estado 7
    CONSTANTEDECIMAL      desplazar e ir al estado 8
    CONSTANTEOCTAL        desplazar e ir al estado 9
    CONSTANTEHEXADECIMAL  desplazar e ir al estado 10
    CONSTANTEREAL         desplazar e ir al estado 11
    CONSTANTECARACTER     desplazar e ir al estado 12
    LITERALCADENA         desplazar e ir al estado 13
    '('                   desplazar e ir al estado 22

    exp_unaria    ir al estado 52
    exp_sufijo    ir al estado 41
    exp_primaria  ir al estado 42
    constante     ir al estado 45


estado 7

   64 exp_unaria: DECREMENTO . exp_unaria

    IDENTIFICADOR         desplazar e ir al estado 4
    INCREMENTO            desplazar e ir al estado 6
    DECREMENTO            desplazar e ir al estado 7
    CONSTANTEDECIMAL      desplazar e ir al estado 8
    CONSTANTEOCTAL        desplazar e ir al estado 9
    CONSTANTEHEXADECIMAL  desplazar e ir al estado 10
    CONSTANTEREAL         desplazar e ir al estado 11
    CONSTANTECARACTER     desplazar e ir al estado 12
    LITERALCADENA         desplazar e ir al estado 13
    '('                   desplazar e ir al estado 22

    exp_unaria    ir al estado 53
    exp_sufijo    ir al estado 41
    exp_primaria  ir al estado 42
    constante     ir al estado 45


estado 8

   88 constante: CONSTANTEDECIMAL .

    $default  reduce usando la regla 88 (constante)


estado 9

   90 constante: CONSTANTEOCTAL .

    $default  reduce usando la regla 90 (constante)


estado 10

   89 constante: CONSTANTEHEXADECIMAL .

    $default  reduce usando la regla 89 (constante)


estado 11

   91 constante: CONSTANTEREAL .

    $default  reduce usando la regla 91 (constante)


estado 12

   92 constante: CONSTANTECARACTER .

    $default  reduce usando la regla 92 (constante)


estado 13

   77 exp_primaria: LITERALCADENA .

    $default  reduce usando la regla 77 (exp_primaria)


estado 14

   22 sent_seleccion: IF . '(' expresion ')' sentencia
   23               | IF . '(' expresion ')' sentencia ELSE sentencia

    '('  desplazar e ir al estado 54


estado 15

   26 sent_iteracion: WHILE . '(' expresion ')' sentencia

    '('  desplazar e ir al estado 55


estado 16

   27 sent_iteracion: DO . sentencia WHILE '(' expresion ')' ';'

    error                 desplazar e ir al estado 3
    IDENTIFICADOR         desplazar e ir al estado 4
    INCREMENTO            desplazar e ir al estado 6
    DECREMENTO            desplazar e ir al estado 7
    CONSTANTEDECIMAL      desplazar e ir al estado 8
    CONSTANTEOCTAL        desplazar e ir al estado 9
    CONSTANTEHEXADECIMAL  desplazar e ir al estado 10
    CONSTANTEREAL         desplazar e ir al estado 11
    CONSTANTECARACTER     desplazar e ir al estado 12
    LITERALCADENA         desplazar e ir al estado 13
    IF                    desplazar e ir al estado 14
    WHILE                 desplazar e ir al estado 15
    DO                    desplazar e ir al estado 16
    SWITCH                desplazar e ir al estado 17
    FOR                   desplazar e ir al estado 18
    RETURN                desplazar e ir al estado 19
    ';'                   desplazar e ir al estado 20
    '{'                   desplazar e ir al estado 21
    '('                   desplazar e ir al estado 22

    sentencia           ir al estado 56
    sent_expresion      ir al estado 25
    sent_compuesta      ir al estado 26
    sent_seleccion      ir al estado 27
    sent_iteracion      ir al estado 28
    sent_deSalto        ir al estado 29
    expresion           ir al estado 57
    exp_asignacion      ir al estado 31
    exp_condicional     ir al estado 32
    exp_o_logico        ir al estado 33
    exp_y_logico        ir al estado 34
    exp_y               ir al estado 35
    exp_igualdad        ir al estado 36
    exp_relacional      ir al estado 37
    exp_aditiva         ir al estado 38
    exp_multiplicativa  ir al estado 39
    exp_unaria          ir al estado 40
    exp_sufijo          ir al estado 41
    exp_primaria        ir al estado 42
    constante           ir al estado 45


estado 17

   24 sent_seleccion: SWITCH . '(' expresion ')' sentencia

    '('  desplazar e ir al estado 58


estado 18

   28 sent_iteracion: FOR . '(' expresion ';' expresion ';' expresion ')' sentencia

    '('  desplazar e ir al estado 59


estado 19

   29 sent_deSalto: RETURN . expresionOpcional ';'

    IDENTIFICADOR         desplazar e ir al estado 4
    INCREMENTO            desplazar e ir al estado 6
    DECREMENTO            desplazar e ir al estado 7
    CONSTANTEDECIMAL      desplazar e ir al estado 8
    CONSTANTEOCTAL        desplazar e ir al estado 9
    CONSTANTEHEXADECIMAL  desplazar e ir al estado 10
    CONSTANTEREAL         desplazar e ir al estado 11
    CONSTANTECARACTER     desplazar e ir al estado 12
    LITERALCADENA         desplazar e ir al estado 13
    '('                   desplazar e ir al estado 22

    $default  reduce usando la regla 30 (expresionOpcional)

    expresionOpcional   ir al estado 60
    expresion           ir al estado 61
    exp_asignacion      ir al estado 31
    exp_condicional     ir al estado 32
    exp_o_logico        ir al estado 33
    exp_y_logico        ir al estado 34
    exp_y               ir al estado 35
    exp_igualdad        ir al estado 36
    exp_relacional      ir al estado 37
    exp_aditiva         ir al estado 38
    exp_multiplicativa  ir al estado 39
    exp_unaria          ir al estado 40
    exp_sufijo          ir al estado 41
    exp_primaria        ir al estado 42
    constante           ir al estado 45


estado 20

   11 sent_expresion: ';' .

    $default  reduce usando la regla 11 (sent_expresion)


estado 21

   13 sent_compuesta: '{' . listaDeDeclaracionesOpcional listaSentenciasOpcional '}'

    TIPO_DATO  desplazar e ir al estado 5

    TIPO_DATO  [reduce usando la regla 14 (listaDeDeclaracionesOpcional)]
    $default   reduce usando la regla 14 (listaDeDeclaracionesOpcional)

    listaDeDeclaracionesOpcional  ir al estado 62
    declaracion                   ir al estado 63
    declaracionVariablesSimples   ir al estado 44
    declaracionFunciones          ir al estado 46
    definicionFunciones           ir al estado 47


estado 22

   78 exp_primaria: '(' . expresion ')'

    IDENTIFICADOR         desplazar e ir al estado 4
    INCREMENTO            desplazar e ir al estado 6
    DECREMENTO            desplazar e ir al estado 7
    CONSTANTEDECIMAL      desplazar e ir al estado 8
    CONSTANTEOCTAL        desplazar e ir al estado 9
    CONSTANTEHEXADECIMAL  desplazar e ir al estado 10
    CONSTANTEREAL         desplazar e ir al estado 11
    CONSTANTECARACTER     desplazar e ir al estado 12
    LITERALCADENA         desplazar e ir al estado 13
    '('                   desplazar e ir al estado 22

    expresion           ir al estado 64
    exp_asignacion      ir al estado 31
    exp_condicional     ir al estado 32
    exp_o_logico        ir al estado 33
    exp_y_logico        ir al estado 34
    exp_y               ir al estado 35
    exp_igualdad        ir al estado 36
    exp_relacional      ir al estado 37
    exp_aditiva         ir al estado 38
    exp_multiplicativa  ir al estado 39
    exp_unaria          ir al estado 40
    exp_sufijo          ir al estado 41
    exp_primaria        ir al estado 42
    constante           ir al estado 45


estado 23

    2 input: input programa .

    $default  reduce usando la regla 2 (input)


estado 24

    4 programa: sentencia . '\n'

    '\n'  desplazar e ir al estado 65


estado 25

    6 sentencia: sent_expresion .

    $default  reduce usando la regla 6 (sentencia)


estado 26

    7 sentencia: sent_compuesta .

    $default  reduce usando la regla 7 (sentencia)


estado 27

    8 sentencia: sent_seleccion .

    $default  reduce usando la regla 8 (sentencia)


estado 28

    9 sentencia: sent_iteracion .

    $default  reduce usando la regla 9 (sentencia)


estado 29

   10 sentencia: sent_deSalto .

    $default  reduce usando la regla 10 (sentencia)


estado 30

    3 programa: expresion . '\n'
   12 sent_expresion: expresion . ';'
   33 expresion: expresion . ',' exp_asignacion

    '\n'  desplazar e ir al estado 66
    ';'   desplazar e ir al estado 67
    ','   desplazar e ir al estado 68


estado 31

   32 expresion: exp_asignacion .

    $default  reduce usando la regla 32 (expresion)


estado 32

   34 exp_asignacion: exp_condicional .

    $default  reduce usando la regla 34 (exp_asignacion)


estado 33

   36 exp_condicional: exp_o_logico .
   37                | exp_o_logico . '?' expresion ':' exp_condicional
   42 exp_o_logico: exp_o_logico . OR exp_y_logico

    OR   desplazar e ir al estado 69
    '?'  desplazar e ir al estado 70

    $default  reduce usando la regla 36 (exp_condicional)


estado 34

   41 exp_o_logico: exp_y_logico .
   44 exp_y_logico: exp_y_logico . AND exp_y

    AND  desplazar e ir al estado 71

    $default  reduce usando la regla 41 (exp_o_logico)


estado 35

   43 exp_y_logico: exp_y .
   46 exp_y: exp_y . '&' exp_igualdad

    '&'  desplazar e ir al estado 72

    $default  reduce usando la regla 43 (exp_y_logico)


estado 36

   45 exp_y: exp_igualdad .
   48 exp_igualdad: exp_igualdad . RELACIONALIGUAL exp_relacional
   49             | exp_igualdad . RELACIONALDIFERENTE exp_relacional

    RELACIONALIGUAL      desplazar e ir al estado 73
    RELACIONALDIFERENTE  desplazar e ir al estado 74

    $default  reduce usando la regla 45 (exp_y)


estado 37

   47 exp_igualdad: exp_relacional .
   51 exp_relacional: exp_relacional . '<' exp_aditiva
   52               | exp_relacional . '>' exp_aditiva
   53               | exp_relacional . MENORIGUAL exp_aditiva
   54               | exp_relacional . MAYORIGUAL exp_aditiva

    MAYORIGUAL  desplazar e ir al estado 75
    MENORIGUAL  desplazar e ir al estado 76
    '<'         desplazar e ir al estado 77
    '>'         desplazar e ir al estado 78

    $default  reduce usando la regla 47 (exp_igualdad)


estado 38

   50 exp_relacional: exp_aditiva .
   56 exp_aditiva: exp_aditiva . '+' exp_multiplicativa
   57            | exp_aditiva . '-' exp_multiplicativa

    '+'  desplazar e ir al estado 79
    '-'  desplazar e ir al estado 80

    $default  reduce usando la regla 50 (exp_relacional)


estado 39

   55 exp_aditiva: exp_multiplicativa .
   59 exp_multiplicativa: exp_multiplicativa . '*' exp_unaria
   60                   | exp_multiplicativa . '/' exp_unaria
   61                   | exp_multiplicativa . '%' exp_unaria

    '*'  desplazar e ir al estado 81
    '/'  desplazar e ir al estado 82
    '%'  desplazar e ir al estado 83

    $default  reduce usando la regla 55 (exp_aditiva)


estado 40

   35 exp_asignacion: exp_unaria . op_asignacion exp_asignacion
   58 exp_multiplicativa: exp_unaria .

    INCREMENTOASIGNACION  desplazar e ir al estado 84
    DECREMENTOASIGNACION  desplazar e ir al estado 85
    '='                   desplazar e ir al estado 86

    $default  reduce usando la regla 58 (exp_multiplicativa)

    op_asignacion  ir al estado 87


estado 41

   62 exp_unaria: exp_sufijo .
   66 exp_sufijo: exp_sufijo . '[' expresion ']'
   67           | exp_sufijo . '(' listaArgumentosOpcional ')'
   68           | exp_sufijo . '.' IDENTIFICADOR
   69           | exp_sufijo . ACCESOPUNTERO IDENTIFICADOR
   70           | exp_sufijo . INCREMENTO
   71           | exp_sufijo . DECREMENTO

    INCREMENTO     desplazar e ir al estado 88
    DECREMENTO     desplazar e ir al estado 89
    ACCESOPUNTERO  desplazar e ir al estado 90
    '('            desplazar e ir al estado 91
    '['            desplazar e ir al estado 92
    '.'            desplazar e ir al estado 93

    $default  reduce usando la regla 62 (exp_unaria)


estado 42

   65 exp_sufijo: exp_primaria .

    $default  reduce usando la regla 65 (exp_sufijo)


estado 43

    5 programa: declaracion . '\n'

    '\n'  desplazar e ir al estado 94


estado 44

   79 declaracion: declaracionVariablesSimples .

    $default  reduce usando la regla 79 (declaracion)


estado 45

   76 exp_primaria: constante .

    $default  reduce usando la regla 76 (exp_primaria)


estado 46

   80 declaracion: declaracionFunciones .

    $default  reduce usando la regla 80 (declaracion)


estado 47

   81 declaracion: definicionFunciones .

    $default  reduce usando la regla 81 (declaracion)


estado 48

   25 sent_seleccion: error ';' .

    $default  reduce usando la regla 25 (sent_seleccion)


estado 49

   85 variableSimple: IDENTIFICADOR . opcionInicializacion
   93 declaracionFunciones: TIPO_DATO IDENTIFICADOR . '(' opcionArgumentosConTipo ')' ';'
  101 definicionFunciones: TIPO_DATO IDENTIFICADOR . '(' opcionArgumentosConTipo ')' sentencia

    INCREMENTOASIGNACION  desplazar e ir al estado 84
    DECREMENTOASIGNACION  desplazar e ir al estado 85
    '='                   desplazar e ir al estado 86
    '('                   desplazar e ir al estado 95

    $default  reduce usando la regla 86 (opcionInicializacion)

    op_asignacion         ir al estado 96
    opcionInicializacion  ir al estado 97


estado 50

   82 declaracionVariablesSimples: TIPO_DATO listaVariablesSimples . ';'
   84 listaVariablesSimples: listaVariablesSimples . ',' variableSimple

    ';'  desplazar e ir al estado 98
    ','  desplazar e ir al estado 99


estado 51

   83 listaVariablesSimples: variableSimple .

    $default  reduce usando la regla 83 (listaVariablesSimples)


estado 52

   63 exp_unaria: INCREMENTO exp_unaria .

    $default  reduce usando la regla 63 (exp_unaria)


estado 53

   64 exp_unaria: DECREMENTO exp_unaria .

    $default  reduce usando la regla 64 (exp_unaria)


estado 54

   22 sent_seleccion: IF '(' . expresion ')' sentencia
   23               | IF '(' . expresion ')' sentencia ELSE sentencia

    IDENTIFICADOR         desplazar e ir al estado 4
    INCREMENTO            desplazar e ir al estado 6
    DECREMENTO            desplazar e ir al estado 7
    CONSTANTEDECIMAL      desplazar e ir al estado 8
    CONSTANTEOCTAL        desplazar e ir al estado 9
    CONSTANTEHEXADECIMAL  desplazar e ir al estado 10
    CONSTANTEREAL         desplazar e ir al estado 11
    CONSTANTECARACTER     desplazar e ir al estado 12
    LITERALCADENA         desplazar e ir al estado 13
    '('                   desplazar e ir al estado 22

    expresion           ir al estado 100
    exp_asignacion      ir al estado 31
    exp_condicional     ir al estado 32
    exp_o_logico        ir al estado 33
    exp_y_logico        ir al estado 34
    exp_y               ir al estado 35
    exp_igualdad        ir al estado 36
    exp_relacional      ir al estado 37
    exp_aditiva         ir al estado 38
    exp_multiplicativa  ir al estado 39
    exp_unaria          ir al estado 40
    exp_sufijo          ir al estado 41
    exp_primaria        ir al estado 42
    constante           ir al estado 45


estado 55

   26 sent_iteracion: WHILE '(' . expresion ')' sentencia

    IDENTIFICADOR         desplazar e ir al estado 4
    INCREMENTO            desplazar e ir al estado 6
    DECREMENTO            desplazar e ir al estado 7
    CONSTANTEDECIMAL      desplazar e ir al estado 8
    CONSTANTEOCTAL        desplazar e ir al estado 9
    CONSTANTEHEXADECIMAL  desplazar e ir al estado 10
    CONSTANTEREAL         desplazar e ir al estado 11
    CONSTANTECARACTER     desplazar e ir al estado 12
    LITERALCADENA         desplazar e ir al estado 13
    '('                   desplazar e ir al estado 22

    expresion           ir al estado 101
    exp_asignacion      ir al estado 31
    exp_condicional     ir al estado 32
    exp_o_logico        ir al estado 33
    exp_y_logico        ir al estado 34
    exp_y               ir al estado 35
    exp_igualdad        ir al estado 36
    exp_relacional      ir al estado 37
    exp_aditiva         ir al estado 38
    exp_multiplicativa  ir al estado 39
    exp_unaria          ir al estado 40
    exp_sufijo          ir al estado 41
    exp_primaria        ir al estado 42
    constante           ir al estado 45


estado 56

   27 sent_iteracion: DO sentencia . WHILE '(' expresion ')' ';'

    WHILE  desplazar e ir al estado 102


estado 57

   12 sent_expresion: expresion . ';'
   33 expresion: expresion . ',' exp_asignacion

    ';'  desplazar e ir al estado 67
    ','  desplazar e ir al estado 68


estado 58

   24 sent_seleccion: SWITCH '(' . expresion ')' sentencia

    IDENTIFICADOR         desplazar e ir al estado 4
    INCREMENTO            desplazar e ir al estado 6
    DECREMENTO            desplazar e ir al estado 7
    CONSTANTEDECIMAL      desplazar e ir al estado 8
    CONSTANTEOCTAL        desplazar e ir al estado 9
    CONSTANTEHEXADECIMAL  desplazar e ir al estado 10
    CONSTANTEREAL         desplazar e ir al estado 11
    CONSTANTECARACTER     desplazar e ir al estado 12
    LITERALCADENA         desplazar e ir al estado 13
    '('                   desplazar e ir al estado 22

    expresion           ir al estado 103
    exp_asignacion      ir al estado 31
    exp_condicional     ir al estado 32
    exp_o_logico        ir al estado 33
    exp_y_logico        ir al estado 34
    exp_y               ir al estado 35
    exp_igualdad        ir al estado 36
    exp_relacional      ir al estado 37
    exp_aditiva         ir al estado 38
    exp_multiplicativa  ir al estado 39
    exp_unaria          ir al estado 40
    exp_sufijo          ir al estado 41
    exp_primaria        ir al estado 42
    constante           ir al estado 45


estado 59

   28 sent_iteracion: FOR '(' . expresion ';' expresion ';' expresion ')' sentencia

    IDENTIFICADOR         desplazar e ir al estado 4
    INCREMENTO            desplazar e ir al estado 6
    DECREMENTO            desplazar e ir al estado 7
    CONSTANTEDECIMAL      desplazar e ir al estado 8
    CONSTANTEOCTAL        desplazar e ir al estado 9
    CONSTANTEHEXADECIMAL  desplazar e ir al estado 10
    CONSTANTEREAL         desplazar e ir al estado 11
    CONSTANTECARACTER     desplazar e ir al estado 12
    LITERALCADENA         desplazar e ir al estado 13
    '('                   desplazar e ir al estado 22

    expresion           ir al estado 104
    exp_asignacion      ir al estado 31
    exp_condicional     ir al estado 32
    exp_o_logico        ir al estado 33
    exp_y_logico        ir al estado 34
    exp_y               ir al estado 35
    exp_igualdad        ir al estado 36
    exp_relacional      ir al estado 37
    exp_aditiva         ir al estado 38
    exp_multiplicativa  ir al estado 39
    exp_unaria          ir al estado 40
    exp_sufijo          ir al estado 41
    exp_primaria        ir al estado 42
    constante           ir al estado 45


estado 60

   29 sent_deSalto: RETURN expresionOpcional . ';'

    ';'  desplazar e ir al estado 105


estado 61

   31 expresionOpcional: expresion .
   33 expresion: expresion . ',' exp_asignacion

    ','  desplazar e ir al estado 68

    $default  reduce usando la regla 31 (expresionOpcional)


estado 62

   13 sent_compuesta: '{' listaDeDeclaracionesOpcional . listaSentenciasOpcional '}'
   16 listaDeDeclaracionesOpcional: listaDeDeclaracionesOpcional . declaracion

    error                 desplazar e ir al estado 3
    IDENTIFICADOR         desplazar e ir al estado 4
    TIPO_DATO             desplazar e ir al estado 5
    INCREMENTO            desplazar e ir al estado 6
    DECREMENTO            desplazar e ir al estado 7
    CONSTANTEDECIMAL      desplazar e ir al estado 8
    CONSTANTEOCTAL        desplazar e ir al estado 9
    CONSTANTEHEXADECIMAL  desplazar e ir al estado 10
    CONSTANTEREAL         desplazar e ir al estado 11
    CONSTANTECARACTER     desplazar e ir al estado 12
    LITERALCADENA         desplazar e ir al estado 13
    IF                    desplazar e ir al estado 14
    WHILE                 desplazar e ir al estado 15
    DO                    desplazar e ir al estado 16
    SWITCH                desplazar e ir al estado 17
    FOR                   desplazar e ir al estado 18
    RETURN                desplazar e ir al estado 19
    ';'                   desplazar e ir al estado 20
    '{'                   desplazar e ir al estado 21
    '('                   desplazar e ir al estado 22

    '}'  reduce usando la regla 19 (listaSentenciasOpcional)

    sentencia                    ir al estado 106
    sent_expresion               ir al estado 25
    sent_compuesta               ir al estado 26
    listaSentencias              ir al estado 107
    listaSentenciasOpcional      ir al estado 108
    sent_seleccion               ir al estado 27
    sent_iteracion               ir al estado 28
    sent_deSalto                 ir al estado 29
    expresion                    ir al estado 57
    exp_asignacion               ir al estado 31
    exp_condicional              ir al estado 32
    exp_o_logico                 ir al estado 33
    exp_y_logico                 ir al estado 34
    exp_y                        ir al estado 35
    exp_igualdad                 ir al estado 36
    exp_relacional               ir al estado 37
    exp_aditiva                  ir al estado 38
    exp_multiplicativa           ir al estado 39
    exp_unaria                   ir al estado 40
    exp_sufijo                   ir al estado 41
    exp_primaria                 ir al estado 42
    declaracion                  ir al estado 109
    declaracionVariablesSimples  ir al estado 44
    constante                    ir al estado 45
    declaracionFunciones         ir al estado 46
    definicionFunciones          ir al estado 47


estado 63

   15 listaDeDeclaracionesOpcional: declaracion .

    $default  reduce usando la regla 15 (listaDeDeclaracionesOpcional)


estado 64

   33 expresion: expresion . ',' exp_asignacion
   78 exp_primaria: '(' expresion . ')'

    ')'  desplazar e ir al estado 110
    ','  desplazar e ir al estado 68


estado 65

    4 programa: sentencia '\n' .

    $default  reduce usando la regla 4 (programa)


estado 66

    3 programa: expresion '\n' .

    $default  reduce usando la regla 3 (programa)


estado 67

   12 sent_expresion: expresion ';' .

    $default  reduce usando la regla 12 (sent_expresion)


estado 68

   33 expresion: expresion ',' . exp_asignacion

    IDENTIFICADOR         desplazar e ir al estado 4
    INCREMENTO            desplazar e ir al estado 6
    DECREMENTO            desplazar e ir al estado 7
    CONSTANTEDECIMAL      desplazar e ir al estado 8
    CONSTANTEOCTAL        desplazar e ir al estado 9
    CONSTANTEHEXADECIMAL  desplazar e ir al estado 10
    CONSTANTEREAL         desplazar e ir al estado 11
    CONSTANTECARACTER     desplazar e ir al estado 12
    LITERALCADENA         desplazar e ir al estado 13
    '('                   desplazar e ir al estado 22

    exp_asignacion      ir al estado 111
    exp_condicional     ir al estado 32
    exp_o_logico        ir al estado 33
    exp_y_logico        ir al estado 34
    exp_y               ir al estado 35
    exp_igualdad        ir al estado 36
    exp_relacional      ir al estado 37
    exp_aditiva         ir al estado 38
    exp_multiplicativa  ir al estado 39
    exp_unaria          ir al estado 40
    exp_sufijo          ir al estado 41
    exp_primaria        ir al estado 42
    constante           ir al estado 45


estado 69

   42 exp_o_logico: exp_o_logico OR . exp_y_logico

    IDENTIFICADOR         desplazar e ir al estado 4
    INCREMENTO            desplazar e ir al estado 6
    DECREMENTO            desplazar e ir al estado 7
    CONSTANTEDECIMAL      desplazar e ir al estado 8
    CONSTANTEOCTAL        desplazar e ir al estado 9
    CONSTANTEHEXADECIMAL  desplazar e ir al estado 10
    CONSTANTEREAL         desplazar e ir al estado 11
    CONSTANTECARACTER     desplazar e ir al estado 12
    LITERALCADENA         desplazar e ir al estado 13
    '('                   desplazar e ir al estado 22

    exp_y_logico        ir al estado 112
    exp_y               ir al estado 35
    exp_igualdad        ir al estado 36
    exp_relacional      ir al estado 37
    exp_aditiva         ir al estado 38
    exp_multiplicativa  ir al estado 39
    exp_unaria          ir al estado 113
    exp_sufijo          ir al estado 41
    exp_primaria        ir al estado 42
    constante           ir al estado 45


estado 70

   37 exp_condicional: exp_o_logico '?' . expresion ':' exp_condicional

    IDENTIFICADOR         desplazar e ir al estado 4
    INCREMENTO            desplazar e ir al estado 6
    DECREMENTO            desplazar e ir al estado 7
    CONSTANTEDECIMAL      desplazar e ir al estado 8
    CONSTANTEOCTAL        desplazar e ir al estado 9
    CONSTANTEHEXADECIMAL  desplazar e ir al estado 10
    CONSTANTEREAL         desplazar e ir al estado 11
    CONSTANTECARACTER     desplazar e ir al estado 12
    LITERALCADENA         desplazar e ir al estado 13
    '('                   desplazar e ir al estado 22

    expresion           ir al estado 114
    exp_asignacion      ir al estado 31
    exp_condicional     ir al estado 32
    exp_o_logico        ir al estado 33
    exp_y_logico        ir al estado 34
    exp_y               ir al estado 35
    exp_igualdad        ir al estado 36
    exp_relacional      ir al estado 37
    exp_aditiva         ir al estado 38
    exp_multiplicativa  ir al estado 39
    exp_unaria          ir al estado 40
    exp_sufijo          ir al estado 41
    exp_primaria        ir al estado 42
    constante           ir al estado 45


estado 71

   44 exp_y_logico: exp_y_logico AND . exp_y

    IDENTIFICADOR         desplazar e ir al estado 4
    INCREMENTO            desplazar e ir al estado 6
    DECREMENTO            desplazar e ir al estado 7
    CONSTANTEDECIMAL      desplazar e ir al estado 8
    CONSTANTEOCTAL        desplazar e ir al estado 9
    CONSTANTEHEXADECIMAL  desplazar e ir al estado 10
    CONSTANTEREAL         desplazar e ir al estado 11
    CONSTANTECARACTER     desplazar e ir al estado 12
    LITERALCADENA         desplazar e ir al estado 13
    '('                   desplazar e ir al estado 22

    exp_y               ir al estado 115
    exp_igualdad        ir al estado 36
    exp_relacional      ir al estado 37
    exp_aditiva         ir al estado 38
    exp_multiplicativa  ir al estado 39
    exp_unaria          ir al estado 113
    exp_sufijo          ir al estado 41
    exp_primaria        ir al estado 42
    constante           ir al estado 45


estado 72

   46 exp_y: exp_y '&' . exp_igualdad

    IDENTIFICADOR         desplazar e ir al estado 4
    INCREMENTO            desplazar e ir al estado 6
    DECREMENTO            desplazar e ir al estado 7
    CONSTANTEDECIMAL      desplazar e ir al estado 8
    CONSTANTEOCTAL        desplazar e ir al estado 9
    CONSTANTEHEXADECIMAL  desplazar e ir al estado 10
    CONSTANTEREAL         desplazar e ir al estado 11
    CONSTANTECARACTER     desplazar e ir al estado 12
    LITERALCADENA         desplazar e ir al estado 13
    '('                   desplazar e ir al estado 22

    exp_igualdad        ir al estado 116
    exp_relacional      ir al estado 37
    exp_aditiva         ir al estado 38
    exp_multiplicativa  ir al estado 39
    exp_unaria          ir al estado 113
    exp_sufijo          ir al estado 41
    exp_primaria        ir al estado 42
    constante           ir al estado 45


estado 73

   48 exp_igualdad: exp_igualdad RELACIONALIGUAL . exp_relacional

    IDENTIFICADOR         desplazar e ir al estado 4
    INCREMENTO            desplazar e ir al estado 6
    DECREMENTO            desplazar e ir al estado 7
    CONSTANTEDECIMAL      desplazar e ir al estado 8
    CONSTANTEOCTAL        desplazar e ir al estado 9
    CONSTANTEHEXADECIMAL  desplazar e ir al estado 10
    CONSTANTEREAL         desplazar e ir al estado 11
    CONSTANTECARACTER     desplazar e ir al estado 12
    LITERALCADENA         desplazar e ir al estado 13
    '('                   desplazar e ir al estado 22

    exp_relacional      ir al estado 117
    exp_aditiva         ir al estado 38
    exp_multiplicativa  ir al estado 39
    exp_unaria          ir al estado 113
    exp_sufijo          ir al estado 41
    exp_primaria        ir al estado 42
    constante           ir al estado 45


estado 74

   49 exp_igualdad: exp_igualdad RELACIONALDIFERENTE . exp_relacional

    IDENTIFICADOR         desplazar e ir al estado 4
    INCREMENTO            desplazar e ir al estado 6
    DECREMENTO            desplazar e ir al estado 7
    CONSTANTEDECIMAL      desplazar e ir al estado 8
    CONSTANTEOCTAL        desplazar e ir al estado 9
    CONSTANTEHEXADECIMAL  desplazar e ir al estado 10
    CONSTANTEREAL         desplazar e ir al estado 11
    CONSTANTECARACTER     desplazar e ir al estado 12
    LITERALCADENA         desplazar e ir al estado 13
    '('                   desplazar e ir al estado 22

    exp_relacional      ir al estado 118
    exp_aditiva         ir al estado 38
    exp_multiplicativa  ir al estado 39
    exp_unaria          ir al estado 113
    exp_sufijo          ir al estado 41
    exp_primaria        ir al estado 42
    constante           ir al estado 45


estado 75

   54 exp_relacional: exp_relacional MAYORIGUAL . exp_aditiva

    IDENTIFICADOR         desplazar e ir al estado 4
    INCREMENTO            desplazar e ir al estado 6
    DECREMENTO            desplazar e ir al estado 7
    CONSTANTEDECIMAL      desplazar e ir al estado 8
    CONSTANTEOCTAL        desplazar e ir al estado 9
    CONSTANTEHEXADECIMAL  desplazar e ir al estado 10
    CONSTANTEREAL         desplazar e ir al estado 11
    CONSTANTECARACTER     desplazar e ir al estado 12
    LITERALCADENA         desplazar e ir al estado 13
    '('                   desplazar e ir al estado 22

    exp_aditiva         ir al estado 119
    exp_multiplicativa  ir al estado 39
    exp_unaria          ir al estado 113
    exp_sufijo          ir al estado 41
    exp_primaria        ir al estado 42
    constante           ir al estado 45


estado 76

   53 exp_relacional: exp_relacional MENORIGUAL . exp_aditiva

    IDENTIFICADOR         desplazar e ir al estado 4
    INCREMENTO            desplazar e ir al estado 6
    DECREMENTO            desplazar e ir al estado 7
    CONSTANTEDECIMAL      desplazar e ir al estado 8
    CONSTANTEOCTAL        desplazar e ir al estado 9
    CONSTANTEHEXADECIMAL  desplazar e ir al estado 10
    CONSTANTEREAL         desplazar e ir al estado 11
    CONSTANTECARACTER     desplazar e ir al estado 12
    LITERALCADENA         desplazar e ir al estado 13
    '('                   desplazar e ir al estado 22

    exp_aditiva         ir al estado 120
    exp_multiplicativa  ir al estado 39
    exp_unaria          ir al estado 113
    exp_sufijo          ir al estado 41
    exp_primaria        ir al estado 42
    constante           ir al estado 45


estado 77

   51 exp_relacional: exp_relacional '<' . exp_aditiva

    IDENTIFICADOR         desplazar e ir al estado 4
    INCREMENTO            desplazar e ir al estado 6
    DECREMENTO            desplazar e ir al estado 7
    CONSTANTEDECIMAL      desplazar e ir al estado 8
    CONSTANTEOCTAL        desplazar e ir al estado 9
    CONSTANTEHEXADECIMAL  desplazar e ir al estado 10
    CONSTANTEREAL         desplazar e ir al estado 11
    CONSTANTECARACTER     desplazar e ir al estado 12
    LITERALCADENA         desplazar e ir al estado 13
    '('                   desplazar e ir al estado 22

    exp_aditiva         ir al estado 121
    exp_multiplicativa  ir al estado 39
    exp_unaria          ir al estado 113
    exp_sufijo          ir al estado 41
    exp_primaria        ir al estado 42
    constante           ir al estado 45


estado 78

   52 exp_relacional: exp_relacional '>' . exp_aditiva

    IDENTIFICADOR         desplazar e ir al estado 4
    INCREMENTO            desplazar e ir al estado 6
    DECREMENTO            desplazar e ir al estado 7
    CONSTANTEDECIMAL      desplazar e ir al estado 8
    CONSTANTEOCTAL        desplazar e ir al estado 9
    CONSTANTEHEXADECIMAL  desplazar e ir al estado 10
    CONSTANTEREAL         desplazar e ir al estado 11
    CONSTANTECARACTER     desplazar e ir al estado 12
    LITERALCADENA         desplazar e ir al estado 13
    '('                   desplazar e ir al estado 22

    exp_aditiva         ir al estado 122
    exp_multiplicativa  ir al estado 39
    exp_unaria          ir al estado 113
    exp_sufijo          ir al estado 41
    exp_primaria        ir al estado 42
    constante           ir al estado 45


estado 79

   56 exp_aditiva: exp_aditiva '+' . exp_multiplicativa

    IDENTIFICADOR         desplazar e ir al estado 4
    INCREMENTO            desplazar e ir al estado 6
    DECREMENTO            desplazar e ir al estado 7
    CONSTANTEDECIMAL      desplazar e ir al estado 8
    CONSTANTEOCTAL        desplazar e ir al estado 9
    CONSTANTEHEXADECIMAL  desplazar e ir al estado 10
    CONSTANTEREAL         desplazar e ir al estado 11
    CONSTANTECARACTER     desplazar e ir al estado 12
    LITERALCADENA         desplazar e ir al estado 13
    '('                   desplazar e ir al estado 22

    exp_multiplicativa  ir al estado 123
    exp_unaria          ir al estado 113
    exp_sufijo          ir al estado 41
    exp_primaria        ir al estado 42
    constante           ir al estado 45


estado 80

   57 exp_aditiva: exp_aditiva '-' . exp_multiplicativa

    IDENTIFICADOR         desplazar e ir al estado 4
    INCREMENTO            desplazar e ir al estado 6
    DECREMENTO            desplazar e ir al estado 7
    CONSTANTEDECIMAL      desplazar e ir al estado 8
    CONSTANTEOCTAL        desplazar e ir al estado 9
    CONSTANTEHEXADECIMAL  desplazar e ir al estado 10
    CONSTANTEREAL         desplazar e ir al estado 11
    CONSTANTECARACTER     desplazar e ir al estado 12
    LITERALCADENA         desplazar e ir al estado 13
    '('                   desplazar e ir al estado 22

    exp_multiplicativa  ir al estado 124
    exp_unaria          ir al estado 113
    exp_sufijo          ir al estado 41
    exp_primaria        ir al estado 42
    constante           ir al estado 45


estado 81

   59 exp_multiplicativa: exp_multiplicativa '*' . exp_unaria

    IDENTIFICADOR         desplazar e ir al estado 4
    INCREMENTO            desplazar e ir al estado 6
    DECREMENTO            desplazar e ir al estado 7
    CONSTANTEDECIMAL      desplazar e ir al estado 8
    CONSTANTEOCTAL        desplazar e ir al estado 9
    CONSTANTEHEXADECIMAL  desplazar e ir al estado 10
    CONSTANTEREAL         desplazar e ir al estado 11
    CONSTANTECARACTER     desplazar e ir al estado 12
    LITERALCADENA         desplazar e ir al estado 13
    '('                   desplazar e ir al estado 22

    exp_unaria    ir al estado 125
    exp_sufijo    ir al estado 41
    exp_primaria  ir al estado 42
    constante     ir al estado 45


estado 82

   60 exp_multiplicativa: exp_multiplicativa '/' . exp_unaria

    IDENTIFICADOR         desplazar e ir al estado 4
    INCREMENTO            desplazar e ir al estado 6
    DECREMENTO            desplazar e ir al estado 7
    CONSTANTEDECIMAL      desplazar e ir al estado 8
    CONSTANTEOCTAL        desplazar e ir al estado 9
    CONSTANTEHEXADECIMAL  desplazar e ir al estado 10
    CONSTANTEREAL         desplazar e ir al estado 11
    CONSTANTECARACTER     desplazar e ir al estado 12
    LITERALCADENA         desplazar e ir al estado 13
    '('                   desplazar e ir al estado 22

    exp_unaria    ir al estado 126
    exp_sufijo    ir al estado 41
    exp_primaria  ir al estado 42
    constante     ir al estado 45


estado 83

   61 exp_multiplicativa: exp_multiplicativa '%' . exp_unaria

    IDENTIFICADOR         desplazar e ir al estado 4
    INCREMENTO            desplazar e ir al estado 6
    DECREMENTO            desplazar e ir al estado 7
    CONSTANTEDECIMAL      desplazar e ir al estado 8
    CONSTANTEOCTAL        desplazar e ir al estado 9
    CONSTANTEHEXADECIMAL  desplazar e ir al estado 10
    CONSTANTEREAL         desplazar e ir al estado 11
    CONSTANTECARACTER     desplazar e ir al estado 12
    LITERALCADENA         desplazar e ir al estado 13
    '('                   desplazar e ir al estado 22

    exp_unaria    ir al estado 127
    exp_sufijo    ir al estado 41
    exp_primaria  ir al estado 42
    constante     ir al estado 45


estado 84

   39 op_asignacion: INCREMENTOASIGNACION .

    $default  reduce usando la regla 39 (op_asignacion)


estado 85

   40 op_asignacion: DECREMENTOASIGNACION .

    $default  reduce usando la regla 40 (op_asignacion)


estado 86

   38 op_asignacion: '=' .

    $default  reduce usando la regla 38 (op_asignacion)


estado 87

   35 exp_asignacion: exp_unaria op_asignacion . exp_asignacion

    IDENTIFICADOR         desplazar e ir al estado 4
    INCREMENTO            desplazar e ir al estado 6
    DECREMENTO            desplazar e ir al estado 7
    CONSTANTEDECIMAL      desplazar e ir al estado 8
    CONSTANTEOCTAL        desplazar e ir al estado 9
    CONSTANTEHEXADECIMAL  desplazar e ir al estado 10
    CONSTANTEREAL         desplazar e ir al estado 11
    CONSTANTECARACTER     desplazar e ir al estado 12
    LITERALCADENA         desplazar e ir al estado 13
    '('                   desplazar e ir al estado 22

    exp_asignacion      ir al estado 128
    exp_condicional     ir al estado 32
    exp_o_logico        ir al estado 33
    exp_y_logico        ir al estado 34
    exp_y               ir al estado 35
    exp_igualdad        ir al estado 36
    exp_relacional      ir al estado 37
    exp_aditiva         ir al estado 38
    exp_multiplicativa  ir al estado 39
    exp_unaria          ir al estado 40
    exp_sufijo          ir al estado 41
    exp_primaria        ir al estado 42
    constante           ir al estado 45


estado 88

   70 exp_sufijo: exp_sufijo INCREMENTO .

    $default  reduce usando la regla 70 (exp_sufijo)


estado 89

   71 exp_sufijo: exp_sufijo DECREMENTO .

    $default  reduce usando la regla 71 (exp_sufijo)


estado 90

   69 exp_sufijo: exp_sufijo ACCESOPUNTERO . IDENTIFICADOR

    IDENTIFICADOR  desplazar e ir al estado 129


estado 91

   67 exp_sufijo: exp_sufijo '(' . listaArgumentosOpcional ')'

    IDENTIFICADOR         desplazar e ir al estado 4
    TIPO_DATO             desplazar e ir al estado 5
    INCREMENTO            desplazar e ir al estado 6
    DECREMENTO            desplazar e ir al estado 7
    CONSTANTEDECIMAL      desplazar e ir al estado 8
    CONSTANTEOCTAL        desplazar e ir al estado 9
    CONSTANTEHEXADECIMAL  desplazar e ir al estado 10
    CONSTANTEREAL         desplazar e ir al estado 11
    CONSTANTECARACTER     desplazar e ir al estado 12
    LITERALCADENA         desplazar e ir al estado 13
    '('                   desplazar e ir al estado 22

    TIPO_DATO  [reduce usando la regla 14 (listaDeDeclaracionesOpcional)]
    ')'        reduce usando la regla 72 (listaArgumentosOpcional)
    $default   reduce usando la regla 14 (listaDeDeclaracionesOpcional)

    listaDeDeclaracionesOpcional  ir al estado 130
    exp_asignacion                ir al estado 131
    exp_condicional               ir al estado 32
    exp_o_logico                  ir al estado 33
    exp_y_logico                  ir al estado 34
    exp_y                         ir al estado 35
    exp_igualdad                  ir al estado 36
    exp_relacional                ir al estado 37
    exp_aditiva                   ir al estado 38
    exp_multiplicativa            ir al estado 39
    exp_unaria                    ir al estado 40
    exp_sufijo                    ir al estado 41
    listaArgumentosOpcional       ir al estado 132
    exp_primaria                  ir al estado 42
    declaracion                   ir al estado 63
    declaracionVariablesSimples   ir al estado 44
    constante                     ir al estado 45
    declaracionFunciones          ir al estado 46
    definicionFunciones           ir al estado 47


estado 92

   66 exp_sufijo: exp_sufijo '[' . expresion ']'

    IDENTIFICADOR         desplazar e ir al estado 4
    INCREMENTO            desplazar e ir al estado 6
    DECREMENTO            desplazar e ir al estado 7
    CONSTANTEDECIMAL      desplazar e ir al estado 8
    CONSTANTEOCTAL        desplazar e ir al estado 9
    CONSTANTEHEXADECIMAL  desplazar e ir al estado 10
    CONSTANTEREAL         desplazar e ir al estado 11
    CONSTANTECARACTER     desplazar e ir al estado 12
    LITERALCADENA         desplazar e ir al estado 13
    '('                   desplazar e ir al estado 22

    expresion           ir al estado 133
    exp_asignacion      ir al estado 31
    exp_condicional     ir al estado 32
    exp_o_logico        ir al estado 33
    exp_y_logico        ir al estado 34
    exp_y               ir al estado 35
    exp_igualdad        ir al estado 36
    exp_relacional      ir al estado 37
    exp_aditiva         ir al estado 38
    exp_multiplicativa  ir al estado 39
    exp_unaria          ir al estado 40
    exp_sufijo          ir al estado 41
    exp_primaria        ir al estado 42
    constante           ir al estado 45


estado 93

   68 exp_sufijo: exp_sufijo '.' . IDENTIFICADOR

    IDENTIFICADOR  desplazar e ir al estado 134


estado 94

    5 programa: declaracion '\n' .

    $default  reduce usando la regla 5 (programa)


estado 95

   93 declaracionFunciones: TIPO_DATO IDENTIFICADOR '(' . opcionArgumentosConTipo ')' ';'
  101 definicionFunciones: TIPO_DATO IDENTIFICADOR '(' . opcionArgumentosConTipo ')' sentencia

    TIPO_DATO  desplazar e ir al estado 135

    $default  reduce usando la regla 94 (opcionArgumentosConTipo)

    opcionArgumentosConTipo  ir al estado 136


estado 96

   87 opcionInicializacion: op_asignacion . constante

    CONSTANTEDECIMAL      desplazar e ir al estado 8
    CONSTANTEOCTAL        desplazar e ir al estado 9
    CONSTANTEHEXADECIMAL  desplazar e ir al estado 10
    CONSTANTEREAL         desplazar e ir al estado 11
    CONSTANTECARACTER     desplazar e ir al estado 12

    constante  ir al estado 137


estado 97

   85 variableSimple: IDENTIFICADOR opcionInicializacion .

    $default  reduce usando la regla 85 (variableSimple)


estado 98

   82 declaracionVariablesSimples: TIPO_DATO listaVariablesSimples ';' .

    $default  reduce usando la regla 82 (declaracionVariablesSimples)


estado 99

   84 listaVariablesSimples: listaVariablesSimples ',' . variableSimple

    IDENTIFICADOR  desplazar e ir al estado 138

    variableSimple  ir al estado 139


estado 100

   22 sent_seleccion: IF '(' expresion . ')' sentencia
   23               | IF '(' expresion . ')' sentencia ELSE sentencia
   33 expresion: expresion . ',' exp_asignacion

    ')'  desplazar e ir al estado 140
    ','  desplazar e ir al estado 68


estado 101

   26 sent_iteracion: WHILE '(' expresion . ')' sentencia
   33 expresion: expresion . ',' exp_asignacion

    ')'  desplazar e ir al estado 141
    ','  desplazar e ir al estado 68


estado 102

   27 sent_iteracion: DO sentencia WHILE . '(' expresion ')' ';'

    '('  desplazar e ir al estado 142


estado 103

   24 sent_seleccion: SWITCH '(' expresion . ')' sentencia
   33 expresion: expresion . ',' exp_asignacion

    ')'  desplazar e ir al estado 143
    ','  desplazar e ir al estado 68


estado 104

   28 sent_iteracion: FOR '(' expresion . ';' expresion ';' expresion ')' sentencia
   33 expresion: expresion . ',' exp_asignacion

    ';'  desplazar e ir al estado 144
    ','  desplazar e ir al estado 68


estado 105

   29 sent_deSalto: RETURN expresionOpcional ';' .

    $default  reduce usando la regla 29 (sent_deSalto)


estado 106

   17 listaSentencias: sentencia .
   20 listaSentenciasOpcional: sentencia .

    '}'       reduce usando la regla 20 (listaSentenciasOpcional)
    $default  reduce usando la regla 17 (listaSentencias)


estado 107

   18 listaSentencias: listaSentencias . sentencia
   21 listaSentenciasOpcional: listaSentencias . sentencia

    error                 desplazar e ir al estado 3
    IDENTIFICADOR         desplazar e ir al estado 4
    INCREMENTO            desplazar e ir al estado 6
    DECREMENTO            desplazar e ir al estado 7
    CONSTANTEDECIMAL      desplazar e ir al estado 8
    CONSTANTEOCTAL        desplazar e ir al estado 9
    CONSTANTEHEXADECIMAL  desplazar e ir al estado 10
    CONSTANTEREAL         desplazar e ir al estado 11
    CONSTANTECARACTER     desplazar e ir al estado 12
    LITERALCADENA         desplazar e ir al estado 13
    IF                    desplazar e ir al estado 14
    WHILE                 desplazar e ir al estado 15
    DO                    desplazar e ir al estado 16
    SWITCH                desplazar e ir al estado 17
    FOR                   desplazar e ir al estado 18
    RETURN                desplazar e ir al estado 19
    ';'                   desplazar e ir al estado 20
    '{'                   desplazar e ir al estado 21
    '('                   desplazar e ir al estado 22

    sentencia           ir al estado 145
    sent_expresion      ir al estado 25
    sent_compuesta      ir al estado 26
    sent_seleccion      ir al estado 27
    sent_iteracion      ir al estado 28
    sent_deSalto        ir al estado 29
    expresion           ir al estado 57
    exp_asignacion      ir al estado 31
    exp_condicional     ir al estado 32
    exp_o_logico        ir al estado 33
    exp_y_logico        ir al estado 34
    exp_y               ir al estado 35
    exp_igualdad        ir al estado 36
    exp_relacional      ir al estado 37
    exp_aditiva         ir al estado 38
    exp_multiplicativa  ir al estado 39
    exp_unaria          ir al estado 40
    exp_sufijo          ir al estado 41
    exp_primaria        ir al estado 42
    constante           ir al estado 45


estado 108

   13 sent_compuesta: '{' listaDeDeclaracionesOpcional listaSentenciasOpcional . '}'

    '}'  desplazar e ir al estado 146


estado 109

   16 listaDeDeclaracionesOpcional: listaDeDeclaracionesOpcional declaracion .

    $default  reduce usando la regla 16 (listaDeDeclaracionesOpcional)


estado 110

   78 exp_primaria: '(' expresion ')' .

    $default  reduce usando la regla 78 (exp_primaria)


estado 111

   33 expresion: expresion ',' exp_asignacion .

    $default  reduce usando la regla 33 (expresion)


estado 112

   42 exp_o_logico: exp_o_logico OR exp_y_logico .
   44 exp_y_logico: exp_y_logico . AND exp_y

    AND  desplazar e ir al estado 71

    $default  reduce usando la regla 42 (exp_o_logico)


estado 113

   58 exp_multiplicativa: exp_unaria .

    $default  reduce usando la regla 58 (exp_multiplicativa)


estado 114

   33 expresion: expresion . ',' exp_asignacion
   37 exp_condicional: exp_o_logico '?' expresion . ':' exp_condicional

    ','  desplazar e ir al estado 68
    ':'  desplazar e ir al estado 147


estado 115

   44 exp_y_logico: exp_y_logico AND exp_y .
   46 exp_y: exp_y . '&' exp_igualdad

    '&'  desplazar e ir al estado 72

    $default  reduce usando la regla 44 (exp_y_logico)


estado 116

   46 exp_y: exp_y '&' exp_igualdad .
   48 exp_igualdad: exp_igualdad . RELACIONALIGUAL exp_relacional
   49             | exp_igualdad . RELACIONALDIFERENTE exp_relacional

    RELACIONALIGUAL      desplazar e ir al estado 73
    RELACIONALDIFERENTE  desplazar e ir al estado 74

    $default  reduce usando la regla 46 (exp_y)


estado 117

   48 exp_igualdad: exp_igualdad RELACIONALIGUAL exp_relacional .
   51 exp_relacional: exp_relacional . '<' exp_aditiva
   52               | exp_relacional . '>' exp_aditiva
   53               | exp_relacional . MENORIGUAL exp_aditiva
   54               | exp_relacional . MAYORIGUAL exp_aditiva

    MAYORIGUAL  desplazar e ir al estado 75
    MENORIGUAL  desplazar e ir al estado 76
    '<'         desplazar e ir al estado 77
    '>'         desplazar e ir al estado 78

    $default  reduce usando la regla 48 (exp_igualdad)


estado 118

   49 exp_igualdad: exp_igualdad RELACIONALDIFERENTE exp_relacional .
   51 exp_relacional: exp_relacional . '<' exp_aditiva
   52               | exp_relacional . '>' exp_aditiva
   53               | exp_relacional . MENORIGUAL exp_aditiva
   54               | exp_relacional . MAYORIGUAL exp_aditiva

    MAYORIGUAL  desplazar e ir al estado 75
    MENORIGUAL  desplazar e ir al estado 76
    '<'         desplazar e ir al estado 77
    '>'         desplazar e ir al estado 78

    $default  reduce usando la regla 49 (exp_igualdad)


estado 119

   54 exp_relacional: exp_relacional MAYORIGUAL exp_aditiva .
   56 exp_aditiva: exp_aditiva . '+' exp_multiplicativa
   57            | exp_aditiva . '-' exp_multiplicativa

    '+'  desplazar e ir al estado 79
    '-'  desplazar e ir al estado 80

    $default  reduce usando la regla 54 (exp_relacional)


estado 120

   53 exp_relacional: exp_relacional MENORIGUAL exp_aditiva .
   56 exp_aditiva: exp_aditiva . '+' exp_multiplicativa
   57            | exp_aditiva . '-' exp_multiplicativa

    '+'  desplazar e ir al estado 79
    '-'  desplazar e ir al estado 80

    $default  reduce usando la regla 53 (exp_relacional)


estado 121

   51 exp_relacional: exp_relacional '<' exp_aditiva .
   56 exp_aditiva: exp_aditiva . '+' exp_multiplicativa
   57            | exp_aditiva . '-' exp_multiplicativa

    '+'  desplazar e ir al estado 79
    '-'  desplazar e ir al estado 80

    $default  reduce usando la regla 51 (exp_relacional)


estado 122

   52 exp_relacional: exp_relacional '>' exp_aditiva .
   56 exp_aditiva: exp_aditiva . '+' exp_multiplicativa
   57            | exp_aditiva . '-' exp_multiplicativa

    '+'  desplazar e ir al estado 79
    '-'  desplazar e ir al estado 80

    $default  reduce usando la regla 52 (exp_relacional)


estado 123

   56 exp_aditiva: exp_aditiva '+' exp_multiplicativa .
   59 exp_multiplicativa: exp_multiplicativa . '*' exp_unaria
   60                   | exp_multiplicativa . '/' exp_unaria
   61                   | exp_multiplicativa . '%' exp_unaria

    '*'  desplazar e ir al estado 81
    '/'  desplazar e ir al estado 82
    '%'  desplazar e ir al estado 83

    $default  reduce usando la regla 56 (exp_aditiva)


estado 124

   57 exp_aditiva: exp_aditiva '-' exp_multiplicativa .
   59 exp_multiplicativa: exp_multiplicativa . '*' exp_unaria
   60                   | exp_multiplicativa . '/' exp_unaria
   61                   | exp_multiplicativa . '%' exp_unaria

    '*'  desplazar e ir al estado 81
    '/'  desplazar e ir al estado 82
    '%'  desplazar e ir al estado 83

    $default  reduce usando la regla 57 (exp_aditiva)


estado 125

   59 exp_multiplicativa: exp_multiplicativa '*' exp_unaria .

    $default  reduce usando la regla 59 (exp_multiplicativa)


estado 126

   60 exp_multiplicativa: exp_multiplicativa '/' exp_unaria .

    $default  reduce usando la regla 60 (exp_multiplicativa)


estado 127

   61 exp_multiplicativa: exp_multiplicativa '%' exp_unaria .

    $default  reduce usando la regla 61 (exp_multiplicativa)


estado 128

   35 exp_asignacion: exp_unaria op_asignacion exp_asignacion .

    $default  reduce usando la regla 35 (exp_asignacion)


estado 129

   69 exp_sufijo: exp_sufijo ACCESOPUNTERO IDENTIFICADOR .

    $default  reduce usando la regla 69 (exp_sufijo)


estado 130

   16 listaDeDeclaracionesOpcional: listaDeDeclaracionesOpcional . declaracion
   74 listaArgumentosOpcional: listaDeDeclaracionesOpcional . ',' exp_asignacion

    TIPO_DATO  desplazar e ir al estado 5
    ','        desplazar e ir al estado 148

    declaracion                  ir al estado 109
    declaracionVariablesSimples  ir al estado 44
    declaracionFunciones         ir al estado 46
    definicionFunciones          ir al estado 47


estado 131

   73 listaArgumentosOpcional: exp_asignacion .

    $default  reduce usando la regla 73 (listaArgumentosOpcional)


estado 132

   67 exp_sufijo: exp_sufijo '(' listaArgumentosOpcional . ')'

    ')'  desplazar e ir al estado 149


estado 133

   33 expresion: expresion . ',' exp_asignacion
   66 exp_sufijo: exp_sufijo '[' expresion . ']'

    ','  desplazar e ir al estado 68
    ']'  desplazar e ir al estado 150


estado 134

   68 exp_sufijo: exp_sufijo '.' IDENTIFICADOR .

    $default  reduce usando la regla 68 (exp_sufijo)


estado 135

   95 opcionArgumentosConTipo: TIPO_DATO . opcionReferencia IDENTIFICADOR
   96                        | TIPO_DATO . opcionReferencia IDENTIFICADOR ',' argumentosConTipo

    '&'  desplazar e ir al estado 151

    $default  reduce usando la regla 99 (opcionReferencia)

    opcionReferencia  ir al estado 152


estado 136

   93 declaracionFunciones: TIPO_DATO IDENTIFICADOR '(' opcionArgumentosConTipo . ')' ';'
  101 definicionFunciones: TIPO_DATO IDENTIFICADOR '(' opcionArgumentosConTipo . ')' sentencia

    ')'  desplazar e ir al estado 153


estado 137

   87 opcionInicializacion: op_asignacion constante .

    $default  reduce usando la regla 87 (opcionInicializacion)


estado 138

   85 variableSimple: IDENTIFICADOR . opcionInicializacion

    INCREMENTOASIGNACION  desplazar e ir al estado 84
    DECREMENTOASIGNACION  desplazar e ir al estado 85
    '='                   desplazar e ir al estado 86

    $default  reduce usando la regla 86 (opcionInicializacion)

    op_asignacion         ir al estado 96
    opcionInicializacion  ir al estado 97


estado 139

   84 listaVariablesSimples: listaVariablesSimples ',' variableSimple .

    $default  reduce usando la regla 84 (listaVariablesSimples)


estado 140

   22 sent_seleccion: IF '(' expresion ')' . sentencia
   23               | IF '(' expresion ')' . sentencia ELSE sentencia

    error                 desplazar e ir al estado 3
    IDENTIFICADOR         desplazar e ir al estado 4
    INCREMENTO            desplazar e ir al estado 6
    DECREMENTO            desplazar e ir al estado 7
    CONSTANTEDECIMAL      desplazar e ir al estado 8
    CONSTANTEOCTAL        desplazar e ir al estado 9
    CONSTANTEHEXADECIMAL  desplazar e ir al estado 10
    CONSTANTEREAL         desplazar e ir al estado 11
    CONSTANTECARACTER     desplazar e ir al estado 12
    LITERALCADENA         desplazar e ir al estado 13
    IF                    desplazar e ir al estado 14
    WHILE                 desplazar e ir al estado 15
    DO                    desplazar e ir al estado 16
    SWITCH                desplazar e ir al estado 17
    FOR                   desplazar e ir al estado 18
    RETURN                desplazar e ir al estado 19
    ';'                   desplazar e ir al estado 20
    '{'                   desplazar e ir al estado 21
    '('                   desplazar e ir al estado 22

    sentencia           ir al estado 154
    sent_expresion      ir al estado 25
    sent_compuesta      ir al estado 26
    sent_seleccion      ir al estado 27
    sent_iteracion      ir al estado 28
    sent_deSalto        ir al estado 29
    expresion           ir al estado 57
    exp_asignacion      ir al estado 31
    exp_condicional     ir al estado 32
    exp_o_logico        ir al estado 33
    exp_y_logico        ir al estado 34
    exp_y               ir al estado 35
    exp_igualdad        ir al estado 36
    exp_relacional      ir al estado 37
    exp_aditiva         ir al estado 38
    exp_multiplicativa  ir al estado 39
    exp_unaria          ir al estado 40
    exp_sufijo          ir al estado 41
    exp_primaria        ir al estado 42
    constante           ir al estado 45


estado 141

   26 sent_iteracion: WHILE '(' expresion ')' . sentencia

    error                 desplazar e ir al estado 3
    IDENTIFICADOR         desplazar e ir al estado 4
    INCREMENTO            desplazar e ir al estado 6
    DECREMENTO            desplazar e ir al estado 7
    CONSTANTEDECIMAL      desplazar e ir al estado 8
    CONSTANTEOCTAL        desplazar e ir al estado 9
    CONSTANTEHEXADECIMAL  desplazar e ir al estado 10
    CONSTANTEREAL         desplazar e ir al estado 11
    CONSTANTECARACTER     desplazar e ir al estado 12
    LITERALCADENA         desplazar e ir al estado 13
    IF                    desplazar e ir al estado 14
    WHILE                 desplazar e ir al estado 15
    DO                    desplazar e ir al estado 16
    SWITCH                desplazar e ir al estado 17
    FOR                   desplazar e ir al estado 18
    RETURN                desplazar e ir al estado 19
    ';'                   desplazar e ir al estado 20
    '{'                   desplazar e ir al estado 21
    '('                   desplazar e ir al estado 22

    sentencia           ir al estado 155
    sent_expresion      ir al estado 25
    sent_compuesta      ir al estado 26
    sent_seleccion      ir al estado 27
    sent_iteracion      ir al estado 28
    sent_deSalto        ir al estado 29
    expresion           ir al estado 57
    exp_asignacion      ir al estado 31
    exp_condicional     ir al estado 32
    exp_o_logico        ir al estado 33
    exp_y_logico        ir al estado 34
    exp_y               ir al estado 35
    exp_igualdad        ir al estado 36
    exp_relacional      ir al estado 37
    exp_aditiva         ir al estado 38
    exp_multiplicativa  ir al estado 39
    exp_unaria          ir al estado 40
    exp_sufijo          ir al estado 41
    exp_primaria        ir al estado 42
    constante           ir al estado 45


estado 142

   27 sent_iteracion: DO sentencia WHILE '(' . expresion ')' ';'

    IDENTIFICADOR         desplazar e ir al estado 4
    INCREMENTO            desplazar e ir al estado 6
    DECREMENTO            desplazar e ir al estado 7
    CONSTANTEDECIMAL      desplazar e ir al estado 8
    CONSTANTEOCTAL        desplazar e ir al estado 9
    CONSTANTEHEXADECIMAL  desplazar e ir al estado 10
    CONSTANTEREAL         desplazar e ir al estado 11
    CONSTANTECARACTER     desplazar e ir al estado 12
    LITERALCADENA         desplazar e ir al estado 13
    '('                   desplazar e ir al estado 22

    expresion           ir al estado 156
    exp_asignacion      ir al estado 31
    exp_condicional     ir al estado 32
    exp_o_logico        ir al estado 33
    exp_y_logico        ir al estado 34
    exp_y               ir al estado 35
    exp_igualdad        ir al estado 36
    exp_relacional      ir al estado 37
    exp_aditiva         ir al estado 38
    exp_multiplicativa  ir al estado 39
    exp_unaria          ir al estado 40
    exp_sufijo          ir al estado 41
    exp_primaria        ir al estado 42
    constante           ir al estado 45


estado 143

   24 sent_seleccion: SWITCH '(' expresion ')' . sentencia

    error                 desplazar e ir al estado 3
    IDENTIFICADOR         desplazar e ir al estado 4
    INCREMENTO            desplazar e ir al estado 6
    DECREMENTO            desplazar e ir al estado 7
    CONSTANTEDECIMAL      desplazar e ir al estado 8
    CONSTANTEOCTAL        desplazar e ir al estado 9
    CONSTANTEHEXADECIMAL  desplazar e ir al estado 10
    CONSTANTEREAL         desplazar e ir al estado 11
    CONSTANTECARACTER     desplazar e ir al estado 12
    LITERALCADENA         desplazar e ir al estado 13
    IF                    desplazar e ir al estado 14
    WHILE                 desplazar e ir al estado 15
    DO                    desplazar e ir al estado 16
    SWITCH                desplazar e ir al estado 17
    FOR                   desplazar e ir al estado 18
    RETURN                desplazar e ir al estado 19
    ';'                   desplazar e ir al estado 20
    '{'                   desplazar e ir al estado 21
    '('                   desplazar e ir al estado 22

    sentencia           ir al estado 157
    sent_expresion      ir al estado 25
    sent_compuesta      ir al estado 26
    sent_seleccion      ir al estado 27
    sent_iteracion      ir al estado 28
    sent_deSalto        ir al estado 29
    expresion           ir al estado 57
    exp_asignacion      ir al estado 31
    exp_condicional     ir al estado 32
    exp_o_logico        ir al estado 33
    exp_y_logico        ir al estado 34
    exp_y               ir al estado 35
    exp_igualdad        ir al estado 36
    exp_relacional      ir al estado 37
    exp_aditiva         ir al estado 38
    exp_multiplicativa  ir al estado 39
    exp_unaria          ir al estado 40
    exp_sufijo          ir al estado 41
    exp_primaria        ir al estado 42
    constante           ir al estado 45


estado 144

   28 sent_iteracion: FOR '(' expresion ';' . expresion ';' expresion ')' sentencia

    IDENTIFICADOR         desplazar e ir al estado 4
    INCREMENTO            desplazar e ir al estado 6
    DECREMENTO            desplazar e ir al estado 7
    CONSTANTEDECIMAL      desplazar e ir al estado 8
    CONSTANTEOCTAL        desplazar e ir al estado 9
    CONSTANTEHEXADECIMAL  desplazar e ir al estado 10
    CONSTANTEREAL         desplazar e ir al estado 11
    CONSTANTECARACTER     desplazar e ir al estado 12
    LITERALCADENA         desplazar e ir al estado 13
    '('                   desplazar e ir al estado 22

    expresion           ir al estado 158
    exp_asignacion      ir al estado 31
    exp_condicional     ir al estado 32
    exp_o_logico        ir al estado 33
    exp_y_logico        ir al estado 34
    exp_y               ir al estado 35
    exp_igualdad        ir al estado 36
    exp_relacional      ir al estado 37
    exp_aditiva         ir al estado 38
    exp_multiplicativa  ir al estado 39
    exp_unaria          ir al estado 40
    exp_sufijo          ir al estado 41
    exp_primaria        ir al estado 42
    constante           ir al estado 45


estado 145

   18 listaSentencias: listaSentencias sentencia .
   21 listaSentenciasOpcional: listaSentencias sentencia .

    '}'       reduce usando la regla 21 (listaSentenciasOpcional)
    $default  reduce usando la regla 18 (listaSentencias)


estado 146

   13 sent_compuesta: '{' listaDeDeclaracionesOpcional listaSentenciasOpcional '}' .

    $default  reduce usando la regla 13 (sent_compuesta)


estado 147

   37 exp_condicional: exp_o_logico '?' expresion ':' . exp_condicional

    IDENTIFICADOR         desplazar e ir al estado 4
    INCREMENTO            desplazar e ir al estado 6
    DECREMENTO            desplazar e ir al estado 7
    CONSTANTEDECIMAL      desplazar e ir al estado 8
    CONSTANTEOCTAL        desplazar e ir al estado 9
    CONSTANTEHEXADECIMAL  desplazar e ir al estado 10
    CONSTANTEREAL         desplazar e ir al estado 11
    CONSTANTECARACTER     desplazar e ir al estado 12
    LITERALCADENA         desplazar e ir al estado 13
    '('                   desplazar e ir al estado 22

    exp_condicional     ir al estado 159
    exp_o_logico        ir al estado 33
    exp_y_logico        ir al estado 34
    exp_y               ir al estado 35
    exp_igualdad        ir al estado 36
    exp_relacional      ir al estado 37
    exp_aditiva         ir al estado 38
    exp_multiplicativa  ir al estado 39
    exp_unaria          ir al estado 113
    exp_sufijo          ir al estado 41
    exp_primaria        ir al estado 42
    constante           ir al estado 45


estado 148

   74 listaArgumentosOpcional: listaDeDeclaracionesOpcional ',' . exp_asignacion

    IDENTIFICADOR         desplazar e ir al estado 4
    INCREMENTO            desplazar e ir al estado 6
    DECREMENTO            desplazar e ir al estado 7
    CONSTANTEDECIMAL      desplazar e ir al estado 8
    CONSTANTEOCTAL        desplazar e ir al estado 9
    CONSTANTEHEXADECIMAL  desplazar e ir al estado 10
    CONSTANTEREAL         desplazar e ir al estado 11
    CONSTANTECARACTER     desplazar e ir al estado 12
    LITERALCADENA         desplazar e ir al estado 13
    '('                   desplazar e ir al estado 22

    exp_asignacion      ir al estado 160
    exp_condicional     ir al estado 32
    exp_o_logico        ir al estado 33
    exp_y_logico        ir al estado 34
    exp_y               ir al estado 35
    exp_igualdad        ir al estado 36
    exp_relacional      ir al estado 37
    exp_aditiva         ir al estado 38
    exp_multiplicativa  ir al estado 39
    exp_unaria          ir al estado 40
    exp_sufijo          ir al estado 41
    exp_primaria        ir al estado 42
    constante           ir al estado 45


estado 149

   67 exp_sufijo: exp_sufijo '(' listaArgumentosOpcional ')' .

    $default  reduce usando la regla 67 (exp_sufijo)


estado 150

   66 exp_sufijo: exp_sufijo '[' expresion ']' .

    $default  reduce usando la regla 66 (exp_sufijo)


estado 151

  100 opcionReferencia: '&' .

    $default  reduce usando la regla 100 (opcionReferencia)


estado 152

   95 opcionArgumentosConTipo: TIPO_DATO opcionReferencia . IDENTIFICADOR
   96                        | TIPO_DATO opcionReferencia . IDENTIFICADOR ',' argumentosConTipo

    IDENTIFICADOR  desplazar e ir al estado 161


estado 153

   93 declaracionFunciones: TIPO_DATO IDENTIFICADOR '(' opcionArgumentosConTipo ')' . ';'
  101 definicionFunciones: TIPO_DATO IDENTIFICADOR '(' opcionArgumentosConTipo ')' . sentencia

    error                 desplazar e ir al estado 3
    IDENTIFICADOR         desplazar e ir al estado 4
    INCREMENTO            desplazar e ir al estado 6
    DECREMENTO            desplazar e ir al estado 7
    CONSTANTEDECIMAL      desplazar e ir al estado 8
    CONSTANTEOCTAL        desplazar e ir al estado 9
    CONSTANTEHEXADECIMAL  desplazar e ir al estado 10
    CONSTANTEREAL         desplazar e ir al estado 11
    CONSTANTECARACTER     desplazar e ir al estado 12
    LITERALCADENA         desplazar e ir al estado 13
    IF                    desplazar e ir al estado 14
    WHILE                 desplazar e ir al estado 15
    DO                    desplazar e ir al estado 16
    SWITCH                desplazar e ir al estado 17
    FOR                   desplazar e ir al estado 18
    RETURN                desplazar e ir al estado 19
    ';'                   desplazar e ir al estado 162
    '{'                   desplazar e ir al estado 21
    '('                   desplazar e ir al estado 22

    sentencia           ir al estado 163
    sent_expresion      ir al estado 25
    sent_compuesta      ir al estado 26
    sent_seleccion      ir al estado 27
    sent_iteracion      ir al estado 28
    sent_deSalto        ir al estado 29
    expresion           ir al estado 57
    exp_asignacion      ir al estado 31
    exp_condicional     ir al estado 32
    exp_o_logico        ir al estado 33
    exp_y_logico        ir al estado 34
    exp_y               ir al estado 35
    exp_igualdad        ir al estado 36
    exp_relacional      ir al estado 37
    exp_aditiva         ir al estado 38
    exp_multiplicativa  ir al estado 39
    exp_unaria          ir al estado 40
    exp_sufijo          ir al estado 41
    exp_primaria        ir al estado 42
    constante           ir al estado 45


estado 154

   22 sent_seleccion: IF '(' expresion ')' sentencia .
   23               | IF '(' expresion ')' sentencia . ELSE sentencia

    ELSE  desplazar e ir al estado 164

    ELSE      [reduce usando la regla 22 (sent_seleccion)]
    $default  reduce usando la regla 22 (sent_seleccion)


estado 155

   26 sent_iteracion: WHILE '(' expresion ')' sentencia .

    $default  reduce usando la regla 26 (sent_iteracion)


estado 156

   27 sent_iteracion: DO sentencia WHILE '(' expresion . ')' ';'
   33 expresion: expresion . ',' exp_asignacion

    ')'  desplazar e ir al estado 165
    ','  desplazar e ir al estado 68


estado 157

   24 sent_seleccion: SWITCH '(' expresion ')' sentencia .

    $default  reduce usando la regla 24 (sent_seleccion)


estado 158

   28 sent_iteracion: FOR '(' expresion ';' expresion . ';' expresion ')' sentencia
   33 expresion: expresion . ',' exp_asignacion

    ';'  desplazar e ir al estado 166
    ','  desplazar e ir al estado 68


estado 159

   37 exp_condicional: exp_o_logico '?' expresion ':' exp_condicional .

    $default  reduce usando la regla 37 (exp_condicional)


estado 160

   74 listaArgumentosOpcional: listaDeDeclaracionesOpcional ',' exp_asignacion .

    $default  reduce usando la regla 74 (listaArgumentosOpcional)


estado 161

   95 opcionArgumentosConTipo: TIPO_DATO opcionReferencia IDENTIFICADOR .
   96                        | TIPO_DATO opcionReferencia IDENTIFICADOR . ',' argumentosConTipo

    ','  desplazar e ir al estado 167

    $default  reduce usando la regla 95 (opcionArgumentosConTipo)


estado 162

   11 sent_expresion: ';' .
   93 declaracionFunciones: TIPO_DATO IDENTIFICADOR '(' opcionArgumentosConTipo ')' ';' .

    error                 reduce usando la regla 11 (sent_expresion)
    error                 [reduce usando la regla 93 (declaracionFunciones)]
    IDENTIFICADOR         reduce usando la regla 11 (sent_expresion)
    IDENTIFICADOR         [reduce usando la regla 93 (declaracionFunciones)]
    TIPO_DATO             reduce usando la regla 11 (sent_expresion)
    TIPO_DATO             [reduce usando la regla 93 (declaracionFunciones)]
    INCREMENTO            reduce usando la regla 11 (sent_expresion)
    INCREMENTO            [reduce usando la regla 93 (declaracionFunciones)]
    DECREMENTO            reduce usando la regla 11 (sent_expresion)
    DECREMENTO            [reduce usando la regla 93 (declaracionFunciones)]
    CONSTANTEDECIMAL      reduce usando la regla 11 (sent_expresion)
    CONSTANTEDECIMAL      [reduce usando la regla 93 (declaracionFunciones)]
    CONSTANTEOCTAL        reduce usando la regla 11 (sent_expresion)
    CONSTANTEOCTAL        [reduce usando la regla 93 (declaracionFunciones)]
    CONSTANTEHEXADECIMAL  reduce usando la regla 11 (sent_expresion)
    CONSTANTEHEXADECIMAL  [reduce usando la regla 93 (declaracionFunciones)]
    CONSTANTEREAL         reduce usando la regla 11 (sent_expresion)
    CONSTANTEREAL         [reduce usando la regla 93 (declaracionFunciones)]
    CONSTANTECARACTER     reduce usando la regla 11 (sent_expresion)
    CONSTANTECARACTER     [reduce usando la regla 93 (declaracionFunciones)]
    LITERALCADENA         reduce usando la regla 11 (sent_expresion)
    LITERALCADENA         [reduce usando la regla 93 (declaracionFunciones)]
    IF                    reduce usando la regla 11 (sent_expresion)
    IF                    [reduce usando la regla 93 (declaracionFunciones)]
    WHILE                 reduce usando la regla 11 (sent_expresion)
    WHILE                 [reduce usando la regla 93 (declaracionFunciones)]
    DO                    reduce usando la regla 11 (sent_expresion)
    DO                    [reduce usando la regla 93 (declaracionFunciones)]
    SWITCH                reduce usando la regla 11 (sent_expresion)
    SWITCH                [reduce usando la regla 93 (declaracionFunciones)]
    FOR                   reduce usando la regla 11 (sent_expresion)
    FOR                   [reduce usando la regla 93 (declaracionFunciones)]
    RETURN                reduce usando la regla 11 (sent_expresion)
    RETURN                [reduce usando la regla 93 (declaracionFunciones)]
    '\n'                  reduce usando la regla 11 (sent_expresion)
    '\n'                  [reduce usando la regla 93 (declaracionFunciones)]
    ';'                   reduce usando la regla 11 (sent_expresion)
    ';'                   [reduce usando la regla 93 (declaracionFunciones)]
    '{'                   reduce usando la regla 11 (sent_expresion)
    '{'                   [reduce usando la regla 93 (declaracionFunciones)]
    '}'                   reduce usando la regla 11 (sent_expresion)
    '}'                   [reduce usando la regla 93 (declaracionFunciones)]
    '('                   reduce usando la regla 11 (sent_expresion)
    '('                   [reduce usando la regla 93 (declaracionFunciones)]
    ','                   reduce usando la regla 11 (sent_expresion)
    ','                   [reduce usando la regla 93 (declaracionFunciones)]
    $default              reduce usando la regla 11 (sent_expresion)


estado 163

  101 definicionFunciones: TIPO_DATO IDENTIFICADOR '(' opcionArgumentosConTipo ')' sentencia .

    $default  reduce usando la regla 101 (definicionFunciones)


estado 164

   23 sent_seleccion: IF '(' expresion ')' sentencia ELSE . sentencia

    error                 desplazar e ir al estado 3
    IDENTIFICADOR         desplazar e ir al estado 4
    INCREMENTO            desplazar e ir al estado 6
    DECREMENTO            desplazar e ir al estado 7
    CONSTANTEDECIMAL      desplazar e ir al estado 8
    CONSTANTEOCTAL        desplazar e ir al estado 9
    CONSTANTEHEXADECIMAL  desplazar e ir al estado 10
    CONSTANTEREAL         desplazar e ir al estado 11
    CONSTANTECARACTER     desplazar e ir al estado 12
    LITERALCADENA         desplazar e ir al estado 13
    IF                    desplazar e ir al estado 14
    WHILE                 desplazar e ir al estado 15
    DO                    desplazar e ir al estado 16
    SWITCH                desplazar e ir al estado 17
    FOR                   desplazar e ir al estado 18
    RETURN                desplazar e ir al estado 19
    ';'                   desplazar e ir al estado 20
    '{'                   desplazar e ir al estado 21
    '('                   desplazar e ir al estado 22

    sentencia           ir al estado 168
    sent_expresion      ir al estado 25
    sent_compuesta      ir al estado 26
    sent_seleccion      ir al estado 27
    sent_iteracion      ir al estado 28
    sent_deSalto        ir al estado 29
    expresion           ir al estado 57
    exp_asignacion      ir al estado 31
    exp_condicional     ir al estado 32
    exp_o_logico        ir al estado 33
    exp_y_logico        ir al estado 34
    exp_y               ir al estado 35
    exp_igualdad        ir al estado 36
    exp_relacional      ir al estado 37
    exp_aditiva         ir al estado 38
    exp_multiplicativa  ir al estado 39
    exp_unaria          ir al estado 40
    exp_sufijo          ir al estado 41
    exp_primaria        ir al estado 42
    constante           ir al estado 45


estado 165

   27 sent_iteracion: DO sentencia WHILE '(' expresion ')' . ';'

    ';'  desplazar e ir al estado 169


estado 166

   28 sent_iteracion: FOR '(' expresion ';' expresion ';' . expresion ')' sentencia

    IDENTIFICADOR         desplazar e ir al estado 4
    INCREMENTO            desplazar e ir al estado 6
    DECREMENTO            desplazar e ir al estado 7
    CONSTANTEDECIMAL      desplazar e ir al estado 8
    CONSTANTEOCTAL        desplazar e ir al estado 9
    CONSTANTEHEXADECIMAL  desplazar e ir al estado 10
    CONSTANTEREAL         desplazar e ir al estado 11
    CONSTANTECARACTER     desplazar e ir al estado 12
    LITERALCADENA         desplazar e ir al estado 13
    '('                   desplazar e ir al estado 22

    expresion           ir al estado 170
    exp_asignacion      ir al estado 31
    exp_condicional     ir al estado 32
    exp_o_logico        ir al estado 33
    exp_y_logico        ir al estado 34
    exp_y               ir al estado 35
    exp_igualdad        ir al estado 36
    exp_relacional      ir al estado 37
    exp_aditiva         ir al estado 38
    exp_multiplicativa  ir al estado 39
    exp_unaria          ir al estado 40
    exp_sufijo          ir al estado 41
    exp_primaria        ir al estado 42
    constante           ir al estado 45


estado 167

   96 opcionArgumentosConTipo: TIPO_DATO opcionReferencia IDENTIFICADOR ',' . argumentosConTipo

    TIPO_DATO  desplazar e ir al estado 171

    argumentosConTipo  ir al estado 172


estado 168

   23 sent_seleccion: IF '(' expresion ')' sentencia ELSE sentencia .

    $default  reduce usando la regla 23 (sent_seleccion)


estado 169

   27 sent_iteracion: DO sentencia WHILE '(' expresion ')' ';' .

    $default  reduce usando la regla 27 (sent_iteracion)


estado 170

   28 sent_iteracion: FOR '(' expresion ';' expresion ';' expresion . ')' sentencia
   33 expresion: expresion . ',' exp_asignacion

    ')'  desplazar e ir al estado 173
    ','  desplazar e ir al estado 68


estado 171

   97 argumentosConTipo: TIPO_DATO . opcionReferencia IDENTIFICADOR
   98                  | TIPO_DATO . opcionReferencia IDENTIFICADOR ',' argumentosConTipo

    '&'  desplazar e ir al estado 151

    $default  reduce usando la regla 99 (opcionReferencia)

    opcionReferencia  ir al estado 174


estado 172

   96 opcionArgumentosConTipo: TIPO_DATO opcionReferencia IDENTIFICADOR ',' argumentosConTipo .

    $default  reduce usando la regla 96 (opcionArgumentosConTipo)


estado 173

   28 sent_iteracion: FOR '(' expresion ';' expresion ';' expresion ')' . sentencia

    error                 desplazar e ir al estado 3
    IDENTIFICADOR         desplazar e ir al estado 4
    INCREMENTO            desplazar e ir al estado 6
    DECREMENTO            desplazar e ir al estado 7
    CONSTANTEDECIMAL      desplazar e ir al estado 8
    CONSTANTEOCTAL        desplazar e ir al estado 9
    CONSTANTEHEXADECIMAL  desplazar e ir al estado 10
    CONSTANTEREAL         desplazar e ir al estado 11
    CONSTANTECARACTER     desplazar e ir al estado 12
    LITERALCADENA         desplazar e ir al estado 13
    IF                    desplazar e ir al estado 14
    WHILE                 desplazar e ir al estado 15
    DO                    desplazar e ir al estado 16
    SWITCH                desplazar e ir al estado 17
    FOR                   desplazar e ir al estado 18
    RETURN                desplazar e ir al estado 19
    ';'                   desplazar e ir al estado 20
    '{'                   desplazar e ir al estado 21
    '('                   desplazar e ir al estado 22

    sentencia           ir al estado 175
    sent_expresion      ir al estado 25
    sent_compuesta      ir al estado 26
    sent_seleccion      ir al estado 27
    sent_iteracion      ir al estado 28
    sent_deSalto        ir al estado 29
    expresion           ir al estado 57
    exp_asignacion      ir al estado 31
    exp_condicional     ir al estado 32
    exp_o_logico        ir al estado 33
    exp_y_logico        ir al estado 34
    exp_y               ir al estado 35
    exp_igualdad        ir al estado 36
    exp_relacional      ir al estado 37
    exp_aditiva         ir al estado 38
    exp_multiplicativa  ir al estado 39
    exp_unaria          ir al estado 40
    exp_sufijo          ir al estado 41
    exp_primaria        ir al estado 42
    constante           ir al estado 45


estado 174

   97 argumentosConTipo: TIPO_DATO opcionReferencia . IDENTIFICADOR
   98                  | TIPO_DATO opcionReferencia . IDENTIFICADOR ',' argumentosConTipo

    IDENTIFICADOR  desplazar e ir al estado 176


estado 175

   28 sent_iteracion: FOR '(' expresion ';' expresion ';' expresion ')' sentencia .

    $default  reduce usando la regla 28 (sent_iteracion)


estado 176

   97 argumentosConTipo: TIPO_DATO opcionReferencia IDENTIFICADOR .
   98                  | TIPO_DATO opcionReferencia IDENTIFICADOR . ',' argumentosConTipo

    ','  desplazar e ir al estado 177

    $default  reduce usando la regla 97 (argumentosConTipo)


estado 177

   98 argumentosConTipo: TIPO_DATO opcionReferencia IDENTIFICADOR ',' . argumentosConTipo

    TIPO_DATO  desplazar e ir al estado 171

    argumentosConTipo  ir al estado 178


estado 178

   98 argumentosConTipo: TIPO_DATO opcionReferencia IDENTIFICADOR ',' argumentosConTipo .

    $default  reduce usando la regla 98 (argumentosConTipo)
